<?xml version="1.0" encoding="UTF-8"?>
<testsuite name="GpsUtilApp.UnitTest" tests="4" skipped="0" failures="0" errors="0" timestamp="2021-09-28T09:43:27" hostname="DESKTOP-SM1SJ1J" time="0.353">
  <properties/>
  <testcase name="Test_getAllAttraction()" classname="GpsUtilApp.UnitTest" time="0.204"/>
  <testcase name="Test_getAllTheList()" classname="GpsUtilApp.UnitTest" time="0.065"/>
  <testcase name="TEST_GetFifthClosestAttraction()" classname="GpsUtilApp.UnitTest" time="0.045"/>
  <testcase name="Test_getTheUserLocationTest()" classname="GpsUtilApp.UnitTest" time="0.036"/>
  <system-out><![CDATA[11:43:23.504 [Test worker] DEBUG org.springframework.test.context.BootstrapUtils - Instantiating CacheAwareContextLoaderDelegate from class [org.springframework.test.context.cache.DefaultCacheAwareContextLoaderDelegate]
11:43:23.529 [Test worker] DEBUG org.springframework.test.context.BootstrapUtils - Instantiating BootstrapContext using constructor [public org.springframework.test.context.support.DefaultBootstrapContext(java.lang.Class,org.springframework.test.context.CacheAwareContextLoaderDelegate)]
11:43:23.579 [Test worker] DEBUG org.springframework.test.context.BootstrapUtils - Instantiating TestContextBootstrapper for test class [GpsUtilApp.UnitTest] from class [org.springframework.boot.test.context.SpringBootTestContextBootstrapper]
11:43:23.601 [Test worker] INFO org.springframework.boot.test.context.SpringBootTestContextBootstrapper - Neither @ContextConfiguration nor @ContextHierarchy found for test class [GpsUtilApp.UnitTest], using SpringBootContextLoader
11:43:23.609 [Test worker] DEBUG org.springframework.test.context.support.AbstractContextLoader - Did not detect default resource location for test class [GpsUtilApp.UnitTest]: class path resource [GpsUtilApp/UnitTest-context.xml] does not exist
11:43:23.609 [Test worker] DEBUG org.springframework.test.context.support.AbstractContextLoader - Did not detect default resource location for test class [GpsUtilApp.UnitTest]: class path resource [GpsUtilApp/UnitTestContext.groovy] does not exist
11:43:23.610 [Test worker] INFO org.springframework.test.context.support.AbstractContextLoader - Could not detect default resource locations for test class [GpsUtilApp.UnitTest]: no resource found for suffixes {-context.xml, Context.groovy}.
11:43:23.611 [Test worker] INFO org.springframework.test.context.support.AnnotationConfigContextLoaderUtils - Could not detect default configuration classes for test class [GpsUtilApp.UnitTest]: UnitTest does not declare any static, non-private, non-final, nested classes annotated with @Configuration.
11:43:23.664 [Test worker] DEBUG org.springframework.test.context.support.ActiveProfilesUtils - Could not find an 'annotation declaring class' for annotation type [org.springframework.test.context.ActiveProfiles] and class [GpsUtilApp.UnitTest]
11:43:23.763 [Test worker] DEBUG org.springframework.context.annotation.ClassPathScanningCandidateComponentProvider - Identified candidate component class: file [C:\Users\FamilleOSSELIN\Desktop\Projet8Finale\GpsUtilApp\build\classes\java\main\GpsUtilApp\Application.class]
11:43:23.768 [Test worker] INFO org.springframework.boot.test.context.SpringBootTestContextBootstrapper - Found @SpringBootConfiguration GpsUtilApp.Application for test class GpsUtilApp.UnitTest
11:43:23.927 [Test worker] DEBUG org.springframework.boot.test.context.SpringBootTestContextBootstrapper - @TestExecutionListeners is not present for class [GpsUtilApp.UnitTest]: using defaults.
11:43:23.927 [Test worker] INFO org.springframework.boot.test.context.SpringBootTestContextBootstrapper - Loaded default TestExecutionListener class names from location [META-INF/spring.factories]: [org.springframework.boot.test.autoconfigure.restdocs.RestDocsTestExecutionListener, org.springframework.boot.test.autoconfigure.web.client.MockRestServiceServerResetTestExecutionListener, org.springframework.boot.test.autoconfigure.web.servlet.MockMvcPrintOnlyOnFailureTestExecutionListener, org.springframework.boot.test.autoconfigure.web.servlet.WebDriverTestExecutionListener, org.springframework.boot.test.autoconfigure.webservices.client.MockWebServiceServerTestExecutionListener, org.springframework.boot.test.mock.mockito.MockitoTestExecutionListener, org.springframework.boot.test.mock.mockito.ResetMocksTestExecutionListener, org.springframework.test.context.web.ServletTestExecutionListener, org.springframework.test.context.support.DirtiesContextBeforeModesTestExecutionListener, org.springframework.test.context.support.DependencyInjectionTestExecutionListener, org.springframework.test.context.support.DirtiesContextTestExecutionListener, org.springframework.test.context.transaction.TransactionalTestExecutionListener, org.springframework.test.context.jdbc.SqlScriptsTestExecutionListener, org.springframework.test.context.event.EventPublishingTestExecutionListener]
11:43:23.945 [Test worker] DEBUG org.springframework.boot.test.context.SpringBootTestContextBootstrapper - Skipping candidate TestExecutionListener [org.springframework.test.context.transaction.TransactionalTestExecutionListener] due to a missing dependency. Specify custom listener classes or make the default listener classes and their required dependencies available. Offending class: [org/springframework/transaction/interceptor/TransactionAttributeSource]
11:43:23.945 [Test worker] DEBUG org.springframework.boot.test.context.SpringBootTestContextBootstrapper - Skipping candidate TestExecutionListener [org.springframework.test.context.jdbc.SqlScriptsTestExecutionListener] due to a missing dependency. Specify custom listener classes or make the default listener classes and their required dependencies available. Offending class: [org/springframework/transaction/interceptor/TransactionAttribute]
11:43:23.946 [Test worker] INFO org.springframework.boot.test.context.SpringBootTestContextBootstrapper - Using TestExecutionListeners: [org.springframework.test.context.web.ServletTestExecutionListener@7f2bd3fc, org.springframework.test.context.support.DirtiesContextBeforeModesTestExecutionListener@47cfc708, org.springframework.boot.test.mock.mockito.MockitoTestExecutionListener@7ac03682, org.springframework.boot.test.autoconfigure.SpringBootDependencyInjectionTestExecutionListener@4d38844f, org.springframework.test.context.support.DirtiesContextTestExecutionListener@6cad0a27, org.springframework.test.context.event.EventPublishingTestExecutionListener@55e3773d, org.springframework.boot.test.autoconfigure.restdocs.RestDocsTestExecutionListener@2e6c3f25, org.springframework.boot.test.autoconfigure.web.client.MockRestServiceServerResetTestExecutionListener@27ffdc5b, org.springframework.boot.test.autoconfigure.web.servlet.MockMvcPrintOnlyOnFailureTestExecutionListener@230706b1, org.springframework.boot.test.autoconfigure.web.servlet.WebDriverTestExecutionListener@6d93d773, org.springframework.boot.test.autoconfigure.webservices.client.MockWebServiceServerTestExecutionListener@224958f3, org.springframework.boot.test.mock.mockito.ResetMocksTestExecutionListener@7b0d45e5]
11:43:23.951 [Test worker] DEBUG org.springframework.test.context.support.AbstractDirtiesContextTestExecutionListener - Before test class: context [DefaultTestContext@f70a9c6 testClass = UnitTest, testInstance = [null], testMethod = [null], testException = [null], mergedContextConfiguration = [WebMergedContextConfiguration@270486e1 testClass = UnitTest, locations = '{}', classes = '{class GpsUtilApp.Application}', contextInitializerClasses = '[]', activeProfiles = '{}', propertySourceLocations = '{}', propertySourceProperties = '{org.springframework.boot.test.context.SpringBootTestContextBootstrapper=true}', contextCustomizers = set[org.springframework.boot.test.autoconfigure.properties.PropertyMappingContextCustomizer@0, org.springframework.boot.test.autoconfigure.web.servlet.WebDriverContextCustomizerFactory$Customizer@497096e3, org.springframework.boot.test.context.filter.ExcludeFilterContextCustomizer@2aeecf67, org.springframework.boot.test.json.DuplicateJsonObjectContextCustomizerFactory$DuplicateJsonObjectContextCustomizer@136799b9, org.springframework.boot.test.mock.mockito.MockitoContextCustomizer@0, org.springframework.boot.test.web.client.TestRestTemplateContextCustomizer@7f0cff71, org.springframework.boot.test.context.SpringBootTestArgs@1, org.springframework.boot.test.context.SpringBootTestWebEnvironment@869ebbe], resourceBasePath = 'src/main/webapp', contextLoader = 'org.springframework.boot.test.context.SpringBootContextLoader', parent = [null]], attributes = map['org.springframework.test.context.web.ServletTestExecutionListener.activateListener' -> true]], class annotated with @DirtiesContext [false] with mode [null].
11:43:23.994 [Test worker] DEBUG org.springframework.test.context.support.TestPropertySourceUtils - Adding inlined properties to environment: {spring.jmx.enabled=false, org.springframework.boot.test.context.SpringBootTestContextBootstrapper=true}

  .   ____          _            __ _ _
 /\\ / ___'_ __ _ _(_)_ __  __ _ \ \ \ \
( ( )\___ | '_ | '_| | '_ \/ _` | \ \ \ \
 \\/  ___)| |_)| | | | | || (_| |  ) ) ) )
  '  |____| .__|_| |_|_| |_\__, | / / / /
 =========|_|==============|___/=/_/_/_/
 :: Spring Boot ::        (v2.3.8.RELEASE)

2021-09-28 11:43:25.194  INFO 18520 --- [    Test worker] GpsUtilApp.UnitTest                      : No active profile set, falling back to default profiles: default
2021-09-28 11:43:25.764  INFO 18520 --- [    Test worker] o.s.cloud.context.scope.GenericScope     : BeanFactory id=f1df9af8-a5ad-3a2f-8d65-0eb5279c0621
2021-09-28 11:43:26.170  WARN 18520 --- [    Test worker] o.s.c.n.a.ArchaiusAutoConfiguration      : No spring.application.name found, defaulting to 'application'
2021-09-28 11:43:26.176  WARN 18520 --- [    Test worker] c.n.c.sources.URLConfigurationSource     : No URLs will be polled as dynamic configuration sources.
2021-09-28 11:43:26.176  INFO 18520 --- [    Test worker] c.n.c.sources.URLConfigurationSource     : To enable URLs as dynamic configuration sources, define System property archaius.configurationSource.additionalUrls or make config.properties available on classpath.
2021-09-28 11:43:26.184  WARN 18520 --- [    Test worker] c.n.c.sources.URLConfigurationSource     : No URLs will be polled as dynamic configuration sources.
2021-09-28 11:43:26.184  INFO 18520 --- [    Test worker] c.n.c.sources.URLConfigurationSource     : To enable URLs as dynamic configuration sources, define System property archaius.configurationSource.additionalUrls or make config.properties available on classpath.
2021-09-28 11:43:26.339  INFO 18520 --- [    Test worker] o.s.s.concurrent.ThreadPoolTaskExecutor  : Initializing ExecutorService 'applicationTaskExecutor'
2021-09-28 11:43:27.032  INFO 18520 --- [    Test worker] GpsUtilApp.UnitTest                      : Started UnitTest in 3.022 seconds (JVM running for 4.751)
2021-09-28 11:43:27.261  INFO 18520 --- [    Test worker] GpsUtilApp.service.GpsUtilService        : wait for it --- Jon
2021-09-28 11:43:27.264  INFO 18520 --- [    Test worker] GpsUtilApp.service.GpsUtilService        : wait for it --- Robert
2021-09-28 11:43:27.264  INFO 18520 --- [    Test worker] GpsUtilApp.service.GpsUtilService        : wait for it --- Camy
2021-09-28 11:43:27.319  INFO 18520 --- [    Test worker] GpsUtilApp.service.GpsUtilService        : MDRRRRRR :::::::::::::::::::::::::::::::::::::3
]]></system-out>
  <system-err><![CDATA[]]></system-err>
</testsuite>
