<?xml version="1.0" encoding="UTF-8"?>
<testsuite name="TripPricerApplication.UnitTest" tests="1" skipped="0" failures="0" errors="0" timestamp="2021-09-28T09:47:41" hostname="DESKTOP-SM1SJ1J" time="0.385">
  <properties/>
  <testcase name="getTheListOfTrip()" classname="TripPricerApplication.UnitTest" time="0.385"/>
  <system-out><![CDATA[11:47:38.916 [Test worker] DEBUG org.springframework.test.context.BootstrapUtils - Instantiating CacheAwareContextLoaderDelegate from class [org.springframework.test.context.cache.DefaultCacheAwareContextLoaderDelegate]
11:47:38.947 [Test worker] DEBUG org.springframework.test.context.BootstrapUtils - Instantiating BootstrapContext using constructor [public org.springframework.test.context.support.DefaultBootstrapContext(java.lang.Class,org.springframework.test.context.CacheAwareContextLoaderDelegate)]
11:47:39.005 [Test worker] DEBUG org.springframework.test.context.BootstrapUtils - Instantiating TestContextBootstrapper for test class [TripPricerApplication.UnitTest] from class [org.springframework.boot.test.context.SpringBootTestContextBootstrapper]
11:47:39.023 [Test worker] INFO org.springframework.boot.test.context.SpringBootTestContextBootstrapper - Neither @ContextConfiguration nor @ContextHierarchy found for test class [TripPricerApplication.UnitTest], using SpringBootContextLoader
11:47:39.031 [Test worker] DEBUG org.springframework.test.context.support.AbstractContextLoader - Did not detect default resource location for test class [TripPricerApplication.UnitTest]: class path resource [TripPricerApplication/UnitTest-context.xml] does not exist
11:47:39.031 [Test worker] DEBUG org.springframework.test.context.support.AbstractContextLoader - Did not detect default resource location for test class [TripPricerApplication.UnitTest]: class path resource [TripPricerApplication/UnitTestContext.groovy] does not exist
11:47:39.031 [Test worker] INFO org.springframework.test.context.support.AbstractContextLoader - Could not detect default resource locations for test class [TripPricerApplication.UnitTest]: no resource found for suffixes {-context.xml, Context.groovy}.
11:47:39.033 [Test worker] INFO org.springframework.test.context.support.AnnotationConfigContextLoaderUtils - Could not detect default configuration classes for test class [TripPricerApplication.UnitTest]: UnitTest does not declare any static, non-private, non-final, nested classes annotated with @Configuration.
11:47:39.095 [Test worker] DEBUG org.springframework.test.context.support.ActiveProfilesUtils - Could not find an 'annotation declaring class' for annotation type [org.springframework.test.context.ActiveProfiles] and class [TripPricerApplication.UnitTest]
11:47:39.236 [Test worker] DEBUG org.springframework.context.annotation.ClassPathScanningCandidateComponentProvider - Identified candidate component class: file [C:\Users\FamilleOSSELIN\Desktop\Projet8Finale\TripPriceApp\build\classes\java\main\TripPricerApplication\Application.class]
11:47:39.238 [Test worker] INFO org.springframework.boot.test.context.SpringBootTestContextBootstrapper - Found @SpringBootConfiguration TripPricerApplication.Application for test class TripPricerApplication.UnitTest
11:47:39.422 [Test worker] DEBUG org.springframework.boot.test.context.SpringBootTestContextBootstrapper - @TestExecutionListeners is not present for class [TripPricerApplication.UnitTest]: using defaults.
11:47:39.423 [Test worker] INFO org.springframework.boot.test.context.SpringBootTestContextBootstrapper - Loaded default TestExecutionListener class names from location [META-INF/spring.factories]: [org.springframework.boot.test.autoconfigure.restdocs.RestDocsTestExecutionListener, org.springframework.boot.test.autoconfigure.web.client.MockRestServiceServerResetTestExecutionListener, org.springframework.boot.test.autoconfigure.web.servlet.MockMvcPrintOnlyOnFailureTestExecutionListener, org.springframework.boot.test.autoconfigure.web.servlet.WebDriverTestExecutionListener, org.springframework.boot.test.autoconfigure.webservices.client.MockWebServiceServerTestExecutionListener, org.springframework.boot.test.mock.mockito.MockitoTestExecutionListener, org.springframework.boot.test.mock.mockito.ResetMocksTestExecutionListener, org.springframework.test.context.web.ServletTestExecutionListener, org.springframework.test.context.support.DirtiesContextBeforeModesTestExecutionListener, org.springframework.test.context.event.ApplicationEventsTestExecutionListener, org.springframework.test.context.support.DependencyInjectionTestExecutionListener, org.springframework.test.context.support.DirtiesContextTestExecutionListener, org.springframework.test.context.transaction.TransactionalTestExecutionListener, org.springframework.test.context.jdbc.SqlScriptsTestExecutionListener, org.springframework.test.context.event.EventPublishingTestExecutionListener]
11:47:39.441 [Test worker] DEBUG org.springframework.boot.test.context.SpringBootTestContextBootstrapper - Skipping candidate TestExecutionListener [org.springframework.test.context.transaction.TransactionalTestExecutionListener] due to a missing dependency. Specify custom listener classes or make the default listener classes and their required dependencies available. Offending class: [org/springframework/transaction/interceptor/TransactionAttributeSource]
11:47:39.442 [Test worker] DEBUG org.springframework.boot.test.context.SpringBootTestContextBootstrapper - Skipping candidate TestExecutionListener [org.springframework.test.context.jdbc.SqlScriptsTestExecutionListener] due to a missing dependency. Specify custom listener classes or make the default listener classes and their required dependencies available. Offending class: [org/springframework/transaction/interceptor/TransactionAttribute]
11:47:39.442 [Test worker] INFO org.springframework.boot.test.context.SpringBootTestContextBootstrapper - Using TestExecutionListeners: [org.springframework.test.context.web.ServletTestExecutionListener@1718ef64, org.springframework.test.context.support.DirtiesContextBeforeModesTestExecutionListener@7337851, org.springframework.test.context.event.ApplicationEventsTestExecutionListener@fa082bd, org.springframework.boot.test.mock.mockito.MockitoTestExecutionListener@47170e39, org.springframework.boot.test.autoconfigure.SpringBootDependencyInjectionTestExecutionListener@1724aa70, org.springframework.test.context.support.DirtiesContextTestExecutionListener@b49a935, org.springframework.test.context.event.EventPublishingTestExecutionListener@77678b, org.springframework.boot.test.autoconfigure.restdocs.RestDocsTestExecutionListener@7feec77a, org.springframework.boot.test.autoconfigure.web.client.MockRestServiceServerResetTestExecutionListener@4dab85dd, org.springframework.boot.test.autoconfigure.web.servlet.MockMvcPrintOnlyOnFailureTestExecutionListener@b6d9d5c, org.springframework.boot.test.autoconfigure.web.servlet.WebDriverTestExecutionListener@309de885, org.springframework.boot.test.autoconfigure.webservices.client.MockWebServiceServerTestExecutionListener@39c13cfb, org.springframework.boot.test.mock.mockito.ResetMocksTestExecutionListener@28d5d373]
11:47:39.448 [Test worker] DEBUG org.springframework.test.context.support.AbstractDirtiesContextTestExecutionListener - Before test class: context [DefaultTestContext@311b4d6a testClass = UnitTest, testInstance = [null], testMethod = [null], testException = [null], mergedContextConfiguration = [WebMergedContextConfiguration@1aa2b0a1 testClass = UnitTest, locations = '{}', classes = '{class TripPricerApplication.Application}', contextInitializerClasses = '[]', activeProfiles = '{}', propertySourceLocations = '{}', propertySourceProperties = '{org.springframework.boot.test.context.SpringBootTestContextBootstrapper=true}', contextCustomizers = set[org.springframework.boot.test.autoconfigure.actuate.metrics.MetricsExportContextCustomizerFactory$DisableMetricExportContextCustomizer@762cbbb9, org.springframework.boot.test.autoconfigure.properties.PropertyMappingContextCustomizer@0, org.springframework.boot.test.autoconfigure.web.servlet.WebDriverContextCustomizerFactory$Customizer@3a87eb9a, org.springframework.boot.test.context.filter.ExcludeFilterContextCustomizer@463444ec, org.springframework.boot.test.json.DuplicateJsonObjectContextCustomizerFactory$DuplicateJsonObjectContextCustomizer@40ccd814, org.springframework.boot.test.mock.mockito.MockitoContextCustomizer@0, org.springframework.boot.test.web.client.TestRestTemplateContextCustomizer@4aa04da9, org.springframework.boot.test.context.SpringBootTestArgs@1, org.springframework.boot.test.context.SpringBootTestWebEnvironment@71b1aec6], resourceBasePath = 'src/main/webapp', contextLoader = 'org.springframework.boot.test.context.SpringBootContextLoader', parent = [null]], attributes = map['org.springframework.test.context.web.ServletTestExecutionListener.activateListener' -> true]], class annotated with @DirtiesContext [false] with mode [null].
11:47:39.492 [Test worker] DEBUG org.springframework.test.context.support.TestPropertySourceUtils - Adding inlined properties to environment: {spring.jmx.enabled=false, org.springframework.boot.test.context.SpringBootTestContextBootstrapper=true}

  .   ____          _            __ _ _
 /\\ / ___'_ __ _ _(_)_ __  __ _ \ \ \ \
( ( )\___ | '_ | '_| | '_ \/ _` | \ \ \ \
 \\/  ___)| |_)| | | | | || (_| |  ) ) ) )
  '  |____| .__|_| |_|_| |_\__, | / / / /
 =========|_|==============|___/=/_/_/_/
 :: Spring Boot ::                (v2.5.4)

2021-09-28 11:47:39.883  INFO 24708 --- [    Test worker] TripPricerApplication.UnitTest           : Starting UnitTest using Java 11.0.9.1 on DESKTOP-SM1SJ1J with PID 24708 (started by FamilleOSSELIN in C:\Users\FamilleOSSELIN\Desktop\Projet8Finale\TripPriceApp)
2021-09-28 11:47:39.887  INFO 24708 --- [    Test worker] TripPricerApplication.UnitTest           : No active profile set, falling back to default profiles: default
2021-09-28 11:47:41.468  INFO 24708 --- [    Test worker] TripPricerApplication.UnitTest           : Started UnitTest in 1.966 seconds (JVM running for 4.063)
]]></system-out>
  <system-err><![CDATA[]]></system-err>
</testsuite>
