<?xml version="1.0" encoding="UTF-8"?>
<testsuite name="tourGuide.TestRewardsService" tests="1" skipped="0" failures="0" errors="0" timestamp="2021-09-15T09:37:40" hostname="DESKTOP-SM1SJ1J" time="11.514">
  <properties/>
  <testcase name="nearAllAttractions" classname="tourGuide.TestRewardsService" time="11.514"/>
  <system-out><![CDATA[11:37:40.885 [Test worker] INFO tourGuide.service.TourGuideService - TestMode enabled
11:37:40.893 [Test worker] DEBUG tourGuide.service.TourGuideService - Initializing users
11:37:40.968 [Test worker] DEBUG tourGuide.service.TourGuideService - Created 1 internal test users.
11:37:40.968 [Test worker] DEBUG tourGuide.service.TourGuideService - Finished initializing users
11:37:40.973 [pool-1-thread-1] DEBUG tourGuide.tracker.Tracker - Begin Tracker. Tracking 1 users.
11:37:41.004 [Test worker] INFO tourGuide.service.RewardsService - DO WE GET THERE ? 
11:37:41.042 [pool-1-thread-1] INFO tourGuide.service.TourGuideService - Is this thing running ? I really don't know.
11:37:41.052 [pool-1-thread-1] INFO tourGuide.service.RewardsService - DO WE GET THERE ? 
11:37:41.399 [pool-1-thread-1] INFO tourGuide.user.User - pretty sure it never goes even there man ! :)
11:37:41.400 [pool-1-thread-1] INFO tourGuide.service.RewardsService - DO WE GET THERE ? 
11:37:41.786 [pool-1-thread-1] INFO tourGuide.user.User - pretty sure it never goes even there man ! :)
11:37:41.786 [pool-1-thread-1] INFO tourGuide.service.RewardsService - DO WE GET THERE ? 
11:37:41.850 [Test worker] INFO tourGuide.service.RewardsService - DO WE GET THERE ? 
11:37:41.895 [Test worker] INFO tourGuide.user.User - pretty sure it never goes even there man ! :)
11:37:41.896 [Test worker] INFO tourGuide.service.RewardsService - DO WE GET THERE ? 
11:37:41.994 [Test worker] INFO tourGuide.user.User - pretty sure it never goes even there man ! :)
11:37:41.994 [Test worker] INFO tourGuide.service.RewardsService - DO WE GET THERE ? 
11:37:42.086 [pool-1-thread-1] INFO tourGuide.service.RewardsService - DO WE GET THERE ? 
11:37:42.118 [Test worker] INFO tourGuide.user.User - pretty sure it never goes even there man ! :)
11:37:42.118 [Test worker] INFO tourGuide.service.RewardsService - DO WE GET THERE ? 
11:37:42.813 [pool-1-thread-1] INFO tourGuide.service.RewardsService - DO WE GET THERE ? 
11:37:42.834 [pool-1-thread-1] INFO tourGuide.user.User - pretty sure it never goes even there man ! :)
11:37:42.834 [pool-1-thread-1] INFO tourGuide.service.RewardsService - DO WE GET THERE ? 
11:37:42.938 [Test worker] INFO tourGuide.service.RewardsService - DO WE GET THERE ? 
11:37:43.565 [pool-1-thread-1] INFO tourGuide.user.User - pretty sure it never goes even there man ! :)
11:37:43.566 [pool-1-thread-1] INFO tourGuide.service.RewardsService - DO WE GET THERE ? 
11:37:43.897 [Test worker] INFO tourGuide.service.RewardsService - DO WE GET THERE ? 
11:37:44.230 [pool-1-thread-1] INFO tourGuide.user.User - pretty sure it never goes even there man ! :)
11:37:44.230 [pool-1-thread-1] INFO tourGuide.service.RewardsService - DO WE GET THERE ? 
11:37:44.283 [Test worker] INFO tourGuide.service.RewardsService - DO WE GET THERE ? 
11:37:44.681 [Test worker] INFO tourGuide.user.User - pretty sure it never goes even there man ! :)
11:37:44.681 [Test worker] INFO tourGuide.service.RewardsService - DO WE GET THERE ? 
11:37:44.727 [Test worker] INFO tourGuide.user.User - pretty sure it never goes even there man ! :)
11:37:44.727 [Test worker] INFO tourGuide.service.RewardsService - DO WE GET THERE ? 
11:37:45.047 [pool-1-thread-1] INFO tourGuide.service.RewardsService - DO WE GET THERE ? 
11:37:45.263 [pool-1-thread-1] INFO tourGuide.user.User - pretty sure it never goes even there man ! :)
11:37:45.263 [pool-1-thread-1] INFO tourGuide.service.RewardsService - DO WE GET THERE ? 
11:37:45.667 [Test worker] INFO tourGuide.service.RewardsService - DO WE GET THERE ? 
11:37:45.910 [pool-1-thread-1] INFO tourGuide.user.User - pretty sure it never goes even there man ! :)
11:37:45.910 [pool-1-thread-1] INFO tourGuide.service.RewardsService - DO WE GET THERE ? 
11:37:46.118 [Test worker] INFO tourGuide.service.RewardsService - DO WE GET THERE ? 
11:37:46.496 [Test worker] INFO tourGuide.user.User - pretty sure it never goes even there man ! :)
11:37:46.496 [Test worker] INFO tourGuide.service.RewardsService - DO WE GET THERE ? 
11:37:46.745 [pool-1-thread-1] INFO tourGuide.service.RewardsService - DO WE GET THERE ? 
11:37:47.296 [pool-1-thread-1] INFO tourGuide.user.User - pretty sure it never goes even there man ! :)
11:37:47.296 [pool-1-thread-1] INFO tourGuide.service.RewardsService - DO WE GET THERE ? 
11:37:47.401 [Test worker] INFO tourGuide.service.RewardsService - DO WE GET THERE ? 
11:37:47.853 [pool-1-thread-1] INFO tourGuide.user.User - pretty sure it never goes even there man ! :)
11:37:47.853 [pool-1-thread-1] INFO tourGuide.service.RewardsService - DO WE GET THERE ? 
11:37:47.934 [Test worker] INFO tourGuide.service.RewardsService - DO WE GET THERE ? 
11:37:48.117 [pool-1-thread-1] INFO tourGuide.user.User - pretty sure it never goes even there man ! :)
11:37:48.118 [pool-1-thread-1] INFO tourGuide.service.RewardsService - DO WE GET THERE ? 
11:37:48.656 [pool-1-thread-1] INFO tourGuide.user.User - pretty sure it never goes even there man ! :)
11:37:48.656 [pool-1-thread-1] INFO tourGuide.service.RewardsService - DO WE GET THERE ? 
11:37:48.661 [Test worker] INFO tourGuide.service.RewardsService - DO WE GET THERE ? 
11:37:49.050 [Test worker] INFO tourGuide.user.User - pretty sure it never goes even there man ! :)
11:37:49.051 [Test worker] INFO tourGuide.service.RewardsService - DO WE GET THERE ? 
11:37:49.582 [pool-1-thread-1] INFO tourGuide.service.RewardsService - DO WE GET THERE ? 
11:37:49.598 [Test worker] INFO tourGuide.user.User - pretty sure it never goes even there man ! :)
11:37:49.598 [Test worker] INFO tourGuide.service.RewardsService - DO WE GET THERE ? 
11:37:50.421 [Test worker] INFO tourGuide.user.User - pretty sure it never goes even there man ! :)
11:37:50.421 [Test worker] INFO tourGuide.service.RewardsService - DO WE GET THERE ? 
11:37:50.453 [pool-1-thread-1] INFO tourGuide.service.RewardsService - DO WE GET THERE ? 
11:37:50.487 [Test worker] INFO tourGuide.user.User - pretty sure it never goes even there man ! :)
11:37:50.487 [Test worker] INFO tourGuide.service.RewardsService - DO WE GET THERE ? 
11:37:50.884 [Test worker] INFO tourGuide.user.User - pretty sure it never goes even there man ! :)
11:37:50.884 [Test worker] INFO tourGuide.service.RewardsService - DO WE GET THERE ? 
11:37:51.008 [pool-1-thread-1] INFO tourGuide.service.RewardsService - DO WE GET THERE ? 
11:37:51.814 [pool-1-thread-1] INFO tourGuide.user.User - pretty sure it never goes even there man ! :)
11:37:51.814 [pool-1-thread-1] INFO tourGuide.service.RewardsService - DO WE GET THERE ? 
11:37:51.876 [Test worker] INFO tourGuide.service.RewardsService - DO WE GET THERE ? 
11:37:52.094 [Test worker] INFO tourGuide.user.User - pretty sure it never goes even there man ! :)
11:37:52.094 [Test worker] INFO tourGuide.service.RewardsService - DO WE GET THERE ? 
11:37:52.098 [Test worker] INFO tourGuide.user.User - pretty sure it never goes even there man ! :)
11:37:52.098 [Test worker] INFO tourGuide.service.RewardsService - DO WE GET THERE ? 
11:37:52.265 [Test worker] INFO tourGuide.user.User - pretty sure it never goes even there man ! :)
11:37:52.270 [pool-1-thread-1] DEBUG tourGuide.tracker.Tracker - Tracker Time Elapsed: 11 seconds.
11:37:52.270 [pool-1-thread-1] INFO tourGuide.tracker.Tracker - 5
11:37:52.270 [pool-1-thread-1] DEBUG tourGuide.tracker.Tracker - Tracker sleeping
]]></system-out>
  <system-err><![CDATA[Sep 15, 2021 11:37:40 AM org.javamoney.moneta.DefaultMonetaryContextFactory createMonetaryContextNonNullConfig
INFO: Using custom MathContext: precision=256, roundingMode=HALF_EVEN
]]></system-err>
</testsuite>
