<?xml version="1.0" encoding="UTF-8"?>
<testsuite name="UserApp.UnitAndIntegration.GpsAppFunctionalitiesUnitTest" tests="3" skipped="0" failures="0" errors="0" timestamp="2021-10-06T13:03:47" hostname="DESKTOP-SM1SJ1J" time="0.043">
  <properties/>
  <testcase name="UnitTest_getUserLocation()" classname="UserApp.UnitAndIntegration.GpsAppFunctionalitiesUnitTest" time="0.031"/>
  <testcase name="UnitTest_getAllAttraction()" classname="UserApp.UnitAndIntegration.GpsAppFunctionalitiesUnitTest" time="0.005"/>
  <testcase name="UnitTest_getAllFifthClosestAttraction()" classname="UserApp.UnitAndIntegration.GpsAppFunctionalitiesUnitTest" time="0.004"/>
  <system-out><![CDATA[2021-10-06 15:03:47.718  INFO 13924 --- [    Test worker] .b.t.c.SpringBootTestContextBootstrapper : Neither @ContextConfiguration nor @ContextHierarchy found for test class [UserApp.UnitAndIntegration.GpsAppFunctionalitiesUnitTest], using SpringBootContextLoader
2021-10-06 15:03:47.719  INFO 13924 --- [    Test worker] o.s.t.c.support.AbstractContextLoader    : Could not detect default resource locations for test class [UserApp.UnitAndIntegration.GpsAppFunctionalitiesUnitTest]: no resource found for suffixes {-context.xml, Context.groovy}.
2021-10-06 15:03:47.719  INFO 13924 --- [    Test worker] t.c.s.AnnotationConfigContextLoaderUtils : Could not detect default configuration classes for test class [UserApp.UnitAndIntegration.GpsAppFunctionalitiesUnitTest]: GpsAppFunctionalitiesUnitTest does not declare any static, non-private, non-final, nested classes annotated with @Configuration.
2021-10-06 15:03:47.727  INFO 13924 --- [    Test worker] .b.t.c.SpringBootTestContextBootstrapper : Found @SpringBootConfiguration UserApp.Application for test class UserApp.UnitAndIntegration.GpsAppFunctionalitiesUnitTest
2021-10-06 15:03:47.729  INFO 13924 --- [    Test worker] .b.t.c.SpringBootTestContextBootstrapper : Loaded default TestExecutionListener class names from location [META-INF/spring.factories]: [org.springframework.boot.test.autoconfigure.restdocs.RestDocsTestExecutionListener, org.springframework.boot.test.autoconfigure.web.client.MockRestServiceServerResetTestExecutionListener, org.springframework.boot.test.autoconfigure.web.servlet.MockMvcPrintOnlyOnFailureTestExecutionListener, org.springframework.boot.test.autoconfigure.web.servlet.WebDriverTestExecutionListener, org.springframework.boot.test.autoconfigure.webservices.client.MockWebServiceServerTestExecutionListener, org.springframework.boot.test.mock.mockito.MockitoTestExecutionListener, org.springframework.boot.test.mock.mockito.ResetMocksTestExecutionListener, org.springframework.test.context.web.ServletTestExecutionListener, org.springframework.test.context.support.DirtiesContextBeforeModesTestExecutionListener, org.springframework.test.context.support.DependencyInjectionTestExecutionListener, org.springframework.test.context.support.DirtiesContextTestExecutionListener, org.springframework.test.context.transaction.TransactionalTestExecutionListener, org.springframework.test.context.jdbc.SqlScriptsTestExecutionListener, org.springframework.test.context.event.EventPublishingTestExecutionListener]
2021-10-06 15:03:47.730  INFO 13924 --- [    Test worker] .b.t.c.SpringBootTestContextBootstrapper : Using TestExecutionListeners: [org.springframework.test.context.web.ServletTestExecutionListener@70479e, org.springframework.test.context.support.DirtiesContextBeforeModesTestExecutionListener@29c23bd0, org.springframework.boot.test.mock.mockito.MockitoTestExecutionListener@117fa2c6, org.springframework.boot.test.autoconfigure.SpringBootDependencyInjectionTestExecutionListener@2da7d9ad, org.springframework.test.context.support.DirtiesContextTestExecutionListener@2fe92730, org.springframework.test.context.event.EventPublishingTestExecutionListener@17cd85a6, org.springframework.boot.test.autoconfigure.restdocs.RestDocsTestExecutionListener@7b487c0b, org.springframework.boot.test.autoconfigure.web.client.MockRestServiceServerResetTestExecutionListener@6831b87e, org.springframework.boot.test.autoconfigure.web.servlet.MockMvcPrintOnlyOnFailureTestExecutionListener@e87d2ef, org.springframework.boot.test.autoconfigure.web.servlet.WebDriverTestExecutionListener@751c962c, org.springframework.boot.test.autoconfigure.webservices.client.MockWebServiceServerTestExecutionListener@4d0c04a0, org.springframework.boot.test.mock.mockito.ResetMocksTestExecutionListener@289bb737]
]]></system-out>
  <system-err><![CDATA[]]></system-err>
</testsuite>
