<?xml version="1.0" encoding="UTF-8"?>
<testsuite name="UserApp.UnitAndIntegration.UserIntegrationTest" tests="6" skipped="0" failures="0" errors="0" timestamp="2021-10-06T13:03:48" hostname="DESKTOP-SM1SJ1J" time="13.394">
  <properties/>
  <testcase name="IntegrationTest_getUserLocation()" classname="UserApp.UnitAndIntegration.UserIntegrationTest" time="1.597"/>
  <testcase name="IntegrationTest_CalculateTheRewardsOfUser()" classname="UserApp.UnitAndIntegration.UserIntegrationTest" time="1.721"/>
  <testcase name="IntegrationTest_getAllFifthClosestAttraction()" classname="UserApp.UnitAndIntegration.UserIntegrationTest" time="4.957"/>
  <testcase name="IntegrationTest_getAttractionRewardsPoints()" classname="UserApp.UnitAndIntegration.UserIntegrationTest" time="1.947"/>
  <testcase name="IntegrationTest_getAllAttraction()" classname="UserApp.UnitAndIntegration.UserIntegrationTest" time="1.534"/>
  <testcase name="IntegrationTest_getAllLastLocationUsers()" classname="UserApp.UnitAndIntegration.UserIntegrationTest" time="1.635"/>
  <system-out><![CDATA[2021-10-06 15:03:48.027  INFO 13924 --- [    Test worker] .b.t.c.SpringBootTestContextBootstrapper : Neither @ContextConfiguration nor @ContextHierarchy found for test class [UserApp.UnitAndIntegration.UserIntegrationTest], using SpringBootContextLoader
2021-10-06 15:03:48.028  INFO 13924 --- [    Test worker] o.s.t.c.support.AbstractContextLoader    : Could not detect default resource locations for test class [UserApp.UnitAndIntegration.UserIntegrationTest]: no resource found for suffixes {-context.xml, Context.groovy}.
2021-10-06 15:03:48.029  INFO 13924 --- [    Test worker] t.c.s.AnnotationConfigContextLoaderUtils : Could not detect default configuration classes for test class [UserApp.UnitAndIntegration.UserIntegrationTest]: UserIntegrationTest does not declare any static, non-private, non-final, nested classes annotated with @Configuration.
2021-10-06 15:03:48.030  INFO 13924 --- [    Test worker] .b.t.c.SpringBootTestContextBootstrapper : Found @SpringBootConfiguration UserApp.Application for test class UserApp.UnitAndIntegration.UserIntegrationTest
2021-10-06 15:03:48.032  INFO 13924 --- [    Test worker] .b.t.c.SpringBootTestContextBootstrapper : Loaded default TestExecutionListener class names from location [META-INF/spring.factories]: [org.springframework.boot.test.autoconfigure.restdocs.RestDocsTestExecutionListener, org.springframework.boot.test.autoconfigure.web.client.MockRestServiceServerResetTestExecutionListener, org.springframework.boot.test.autoconfigure.web.servlet.MockMvcPrintOnlyOnFailureTestExecutionListener, org.springframework.boot.test.autoconfigure.web.servlet.WebDriverTestExecutionListener, org.springframework.boot.test.autoconfigure.webservices.client.MockWebServiceServerTestExecutionListener, org.springframework.boot.test.mock.mockito.MockitoTestExecutionListener, org.springframework.boot.test.mock.mockito.ResetMocksTestExecutionListener, org.springframework.test.context.web.ServletTestExecutionListener, org.springframework.test.context.support.DirtiesContextBeforeModesTestExecutionListener, org.springframework.test.context.support.DependencyInjectionTestExecutionListener, org.springframework.test.context.support.DirtiesContextTestExecutionListener, org.springframework.test.context.transaction.TransactionalTestExecutionListener, org.springframework.test.context.jdbc.SqlScriptsTestExecutionListener, org.springframework.test.context.event.EventPublishingTestExecutionListener]
2021-10-06 15:03:48.033  INFO 13924 --- [    Test worker] .b.t.c.SpringBootTestContextBootstrapper : Using TestExecutionListeners: [org.springframework.test.context.web.ServletTestExecutionListener@2c8f070a, org.springframework.test.context.support.DirtiesContextBeforeModesTestExecutionListener@4c195b39, org.springframework.boot.test.mock.mockito.MockitoTestExecutionListener@76304e31, org.springframework.boot.test.autoconfigure.SpringBootDependencyInjectionTestExecutionListener@507f1748, org.springframework.test.context.support.DirtiesContextTestExecutionListener@41ced1a, org.springframework.test.context.event.EventPublishingTestExecutionListener@25abe33, org.springframework.boot.test.autoconfigure.restdocs.RestDocsTestExecutionListener@766f298f, org.springframework.boot.test.autoconfigure.web.client.MockRestServiceServerResetTestExecutionListener@5e82a55d, org.springframework.boot.test.autoconfigure.web.servlet.MockMvcPrintOnlyOnFailureTestExecutionListener@3d15f7aa, org.springframework.boot.test.autoconfigure.web.servlet.WebDriverTestExecutionListener@6ae97d1d, org.springframework.boot.test.autoconfigure.webservices.client.MockWebServiceServerTestExecutionListener@6545029e, org.springframework.boot.test.mock.mockito.ResetMocksTestExecutionListener@2e26fb26]
]]></system-out>
  <system-err><![CDATA[]]></system-err>
</testsuite>
