<?xml version="1.0" encoding="UTF-8"?>
<testsuite name="UserApp.UnitAndIntegration.TripPricerAppFunctionalitiesUnitTest" tests="1" skipped="0" failures="0" errors="0" timestamp="2021-10-06T13:03:47" hostname="DESKTOP-SM1SJ1J" time="0.006">
  <properties/>
  <testcase name="GetAllTheDeals()" classname="UserApp.UnitAndIntegration.TripPricerAppFunctionalitiesUnitTest" time="0.006"/>
  <system-out><![CDATA[2021-10-06 15:03:47.941  INFO 13924 --- [    Test worker] .b.t.c.SpringBootTestContextBootstrapper : Neither @ContextConfiguration nor @ContextHierarchy found for test class [UserApp.UnitAndIntegration.TripPricerAppFunctionalitiesUnitTest], using SpringBootContextLoader
2021-10-06 15:03:47.942  INFO 13924 --- [    Test worker] o.s.t.c.support.AbstractContextLoader    : Could not detect default resource locations for test class [UserApp.UnitAndIntegration.TripPricerAppFunctionalitiesUnitTest]: no resource found for suffixes {-context.xml, Context.groovy}.
2021-10-06 15:03:47.943  INFO 13924 --- [    Test worker] t.c.s.AnnotationConfigContextLoaderUtils : Could not detect default configuration classes for test class [UserApp.UnitAndIntegration.TripPricerAppFunctionalitiesUnitTest]: TripPricerAppFunctionalitiesUnitTest does not declare any static, non-private, non-final, nested classes annotated with @Configuration.
2021-10-06 15:03:47.944  INFO 13924 --- [    Test worker] .b.t.c.SpringBootTestContextBootstrapper : Found @SpringBootConfiguration UserApp.Application for test class UserApp.UnitAndIntegration.TripPricerAppFunctionalitiesUnitTest
2021-10-06 15:03:47.946  INFO 13924 --- [    Test worker] .b.t.c.SpringBootTestContextBootstrapper : Loaded default TestExecutionListener class names from location [META-INF/spring.factories]: [org.springframework.boot.test.autoconfigure.restdocs.RestDocsTestExecutionListener, org.springframework.boot.test.autoconfigure.web.client.MockRestServiceServerResetTestExecutionListener, org.springframework.boot.test.autoconfigure.web.servlet.MockMvcPrintOnlyOnFailureTestExecutionListener, org.springframework.boot.test.autoconfigure.web.servlet.WebDriverTestExecutionListener, org.springframework.boot.test.autoconfigure.webservices.client.MockWebServiceServerTestExecutionListener, org.springframework.boot.test.mock.mockito.MockitoTestExecutionListener, org.springframework.boot.test.mock.mockito.ResetMocksTestExecutionListener, org.springframework.test.context.web.ServletTestExecutionListener, org.springframework.test.context.support.DirtiesContextBeforeModesTestExecutionListener, org.springframework.test.context.support.DependencyInjectionTestExecutionListener, org.springframework.test.context.support.DirtiesContextTestExecutionListener, org.springframework.test.context.transaction.TransactionalTestExecutionListener, org.springframework.test.context.jdbc.SqlScriptsTestExecutionListener, org.springframework.test.context.event.EventPublishingTestExecutionListener]
2021-10-06 15:03:47.947  INFO 13924 --- [    Test worker] .b.t.c.SpringBootTestContextBootstrapper : Using TestExecutionListeners: [org.springframework.test.context.web.ServletTestExecutionListener@562f45aa, org.springframework.test.context.support.DirtiesContextBeforeModesTestExecutionListener@466d9d77, org.springframework.boot.test.mock.mockito.MockitoTestExecutionListener@480bedb5, org.springframework.boot.test.autoconfigure.SpringBootDependencyInjectionTestExecutionListener@58af0182, org.springframework.test.context.support.DirtiesContextTestExecutionListener@74811d28, org.springframework.test.context.event.EventPublishingTestExecutionListener@5eadb0ea, org.springframework.boot.test.autoconfigure.restdocs.RestDocsTestExecutionListener@49dc88cf, org.springframework.boot.test.autoconfigure.web.client.MockRestServiceServerResetTestExecutionListener@695f2367, org.springframework.boot.test.autoconfigure.web.servlet.MockMvcPrintOnlyOnFailureTestExecutionListener@154b0b39, org.springframework.boot.test.autoconfigure.web.servlet.WebDriverTestExecutionListener@26d2d39a, org.springframework.boot.test.autoconfigure.webservices.client.MockWebServiceServerTestExecutionListener@b65bd7f, org.springframework.boot.test.mock.mockito.ResetMocksTestExecutionListener@1b31e36f]
]]></system-out>
  <system-err><![CDATA[]]></system-err>
</testsuite>
