<?xml version="1.0" encoding="UTF-8"?>
<testsuite name="UserApp.UnitAndIntegration.RewardsAppFunctionalitiesUnitTest" tests="2" skipped="0" failures="0" errors="0" timestamp="2021-10-06T13:03:47" hostname="DESKTOP-SM1SJ1J" time="0.008">
  <properties/>
  <testcase name="UnitTest_CalculateTheRewardsOfUser()" classname="UserApp.UnitAndIntegration.RewardsAppFunctionalitiesUnitTest" time="0.003"/>
  <testcase name="UnitTest_getAttractionRewardsPoints()" classname="UserApp.UnitAndIntegration.RewardsAppFunctionalitiesUnitTest" time="0.003"/>
  <system-out><![CDATA[2021-10-06 15:03:47.923  INFO 13924 --- [    Test worker] .b.t.c.SpringBootTestContextBootstrapper : Neither @ContextConfiguration nor @ContextHierarchy found for test class [UserApp.UnitAndIntegration.RewardsAppFunctionalitiesUnitTest], using SpringBootContextLoader
2021-10-06 15:03:47.924  INFO 13924 --- [    Test worker] o.s.t.c.support.AbstractContextLoader    : Could not detect default resource locations for test class [UserApp.UnitAndIntegration.RewardsAppFunctionalitiesUnitTest]: no resource found for suffixes {-context.xml, Context.groovy}.
2021-10-06 15:03:47.925  INFO 13924 --- [    Test worker] t.c.s.AnnotationConfigContextLoaderUtils : Could not detect default configuration classes for test class [UserApp.UnitAndIntegration.RewardsAppFunctionalitiesUnitTest]: RewardsAppFunctionalitiesUnitTest does not declare any static, non-private, non-final, nested classes annotated with @Configuration.
2021-10-06 15:03:47.926  INFO 13924 --- [    Test worker] .b.t.c.SpringBootTestContextBootstrapper : Found @SpringBootConfiguration UserApp.Application for test class UserApp.UnitAndIntegration.RewardsAppFunctionalitiesUnitTest
2021-10-06 15:03:47.928  INFO 13924 --- [    Test worker] .b.t.c.SpringBootTestContextBootstrapper : Loaded default TestExecutionListener class names from location [META-INF/spring.factories]: [org.springframework.boot.test.autoconfigure.restdocs.RestDocsTestExecutionListener, org.springframework.boot.test.autoconfigure.web.client.MockRestServiceServerResetTestExecutionListener, org.springframework.boot.test.autoconfigure.web.servlet.MockMvcPrintOnlyOnFailureTestExecutionListener, org.springframework.boot.test.autoconfigure.web.servlet.WebDriverTestExecutionListener, org.springframework.boot.test.autoconfigure.webservices.client.MockWebServiceServerTestExecutionListener, org.springframework.boot.test.mock.mockito.MockitoTestExecutionListener, org.springframework.boot.test.mock.mockito.ResetMocksTestExecutionListener, org.springframework.test.context.web.ServletTestExecutionListener, org.springframework.test.context.support.DirtiesContextBeforeModesTestExecutionListener, org.springframework.test.context.support.DependencyInjectionTestExecutionListener, org.springframework.test.context.support.DirtiesContextTestExecutionListener, org.springframework.test.context.transaction.TransactionalTestExecutionListener, org.springframework.test.context.jdbc.SqlScriptsTestExecutionListener, org.springframework.test.context.event.EventPublishingTestExecutionListener]
2021-10-06 15:03:47.929  INFO 13924 --- [    Test worker] .b.t.c.SpringBootTestContextBootstrapper : Using TestExecutionListeners: [org.springframework.test.context.web.ServletTestExecutionListener@38cb3631, org.springframework.test.context.support.DirtiesContextBeforeModesTestExecutionListener@1fcf11b0, org.springframework.boot.test.mock.mockito.MockitoTestExecutionListener@1bf26680, org.springframework.boot.test.autoconfigure.SpringBootDependencyInjectionTestExecutionListener@20ff18cb, org.springframework.test.context.support.DirtiesContextTestExecutionListener@4164d85b, org.springframework.test.context.event.EventPublishingTestExecutionListener@26411356, org.springframework.boot.test.autoconfigure.restdocs.RestDocsTestExecutionListener@2e8fa778, org.springframework.boot.test.autoconfigure.web.client.MockRestServiceServerResetTestExecutionListener@766ecb22, org.springframework.boot.test.autoconfigure.web.servlet.MockMvcPrintOnlyOnFailureTestExecutionListener@112f63b4, org.springframework.boot.test.autoconfigure.web.servlet.WebDriverTestExecutionListener@3f5a0964, org.springframework.boot.test.autoconfigure.webservices.client.MockWebServiceServerTestExecutionListener@6c3ddd90, org.springframework.boot.test.mock.mockito.ResetMocksTestExecutionListener@6c0a2cee]
]]></system-out>
  <system-err><![CDATA[]]></system-err>
</testsuite>
