<?xml version="1.0" encoding="UTF-8"?>
<testsuite name="UserApp.UnitAndIntegration.UserFunctionalitiesUnitTest" tests="8" skipped="0" failures="0" errors="0" timestamp="2021-10-06T13:03:47" hostname="DESKTOP-SM1SJ1J" time="0.041">
  <properties/>
  <testcase name="Test_getAllUserLocationGivenUser()" classname="UserApp.UnitAndIntegration.UserFunctionalitiesUnitTest" time="0.004"/>
  <testcase name="Test_AddAUser()" classname="UserApp.UnitAndIntegration.UserFunctionalitiesUnitTest" time="0.005"/>
  <testcase name="Test_deleteAUser_ShouldReturnTrueIfUserExists()" classname="UserApp.UnitAndIntegration.UserFunctionalitiesUnitTest" time="0.003"/>
  <testcase name="Test_updateUserPreferences()" classname="UserApp.UnitAndIntegration.UserFunctionalitiesUnitTest" time="0.004"/>
  <testcase name="Test_getASpecificUser()" classname="UserApp.UnitAndIntegration.UserFunctionalitiesUnitTest" time="0.004"/>
  <testcase name="Test_deleteAUser_ShouldReturnFalseIfUserDoesExists()" classname="UserApp.UnitAndIntegration.UserFunctionalitiesUnitTest" time="0.005"/>
  <testcase name="Test_getUserRewards()" classname="UserApp.UnitAndIntegration.UserFunctionalitiesUnitTest" time="0.003"/>
  <testcase name="Test_getUserPreference()" classname="UserApp.UnitAndIntegration.UserFunctionalitiesUnitTest" time="0.003"/>
  <system-out><![CDATA[2021-10-06 15:03:47.975  INFO 13924 --- [    Test worker] .b.t.c.SpringBootTestContextBootstrapper : Neither @ContextConfiguration nor @ContextHierarchy found for test class [UserApp.UnitAndIntegration.UserFunctionalitiesUnitTest], using SpringBootContextLoader
2021-10-06 15:03:47.976  INFO 13924 --- [    Test worker] o.s.t.c.support.AbstractContextLoader    : Could not detect default resource locations for test class [UserApp.UnitAndIntegration.UserFunctionalitiesUnitTest]: no resource found for suffixes {-context.xml, Context.groovy}.
2021-10-06 15:03:47.976  INFO 13924 --- [    Test worker] t.c.s.AnnotationConfigContextLoaderUtils : Could not detect default configuration classes for test class [UserApp.UnitAndIntegration.UserFunctionalitiesUnitTest]: UserFunctionalitiesUnitTest does not declare any static, non-private, non-final, nested classes annotated with @Configuration.
2021-10-06 15:03:47.978  INFO 13924 --- [    Test worker] .b.t.c.SpringBootTestContextBootstrapper : Found @SpringBootConfiguration UserApp.Application for test class UserApp.UnitAndIntegration.UserFunctionalitiesUnitTest
2021-10-06 15:03:47.980  INFO 13924 --- [    Test worker] .b.t.c.SpringBootTestContextBootstrapper : Loaded default TestExecutionListener class names from location [META-INF/spring.factories]: [org.springframework.boot.test.autoconfigure.restdocs.RestDocsTestExecutionListener, org.springframework.boot.test.autoconfigure.web.client.MockRestServiceServerResetTestExecutionListener, org.springframework.boot.test.autoconfigure.web.servlet.MockMvcPrintOnlyOnFailureTestExecutionListener, org.springframework.boot.test.autoconfigure.web.servlet.WebDriverTestExecutionListener, org.springframework.boot.test.autoconfigure.webservices.client.MockWebServiceServerTestExecutionListener, org.springframework.boot.test.mock.mockito.MockitoTestExecutionListener, org.springframework.boot.test.mock.mockito.ResetMocksTestExecutionListener, org.springframework.test.context.web.ServletTestExecutionListener, org.springframework.test.context.support.DirtiesContextBeforeModesTestExecutionListener, org.springframework.test.context.support.DependencyInjectionTestExecutionListener, org.springframework.test.context.support.DirtiesContextTestExecutionListener, org.springframework.test.context.transaction.TransactionalTestExecutionListener, org.springframework.test.context.jdbc.SqlScriptsTestExecutionListener, org.springframework.test.context.event.EventPublishingTestExecutionListener]
2021-10-06 15:03:47.981  INFO 13924 --- [    Test worker] .b.t.c.SpringBootTestContextBootstrapper : Using TestExecutionListeners: [org.springframework.test.context.web.ServletTestExecutionListener@2d77e0bd, org.springframework.test.context.support.DirtiesContextBeforeModesTestExecutionListener@64b0abd5, org.springframework.boot.test.mock.mockito.MockitoTestExecutionListener@5e493660, org.springframework.boot.test.autoconfigure.SpringBootDependencyInjectionTestExecutionListener@7e657084, org.springframework.test.context.support.DirtiesContextTestExecutionListener@6c0515fd, org.springframework.test.context.event.EventPublishingTestExecutionListener@d8ae5ab, org.springframework.boot.test.autoconfigure.restdocs.RestDocsTestExecutionListener@1ae7384c, org.springframework.boot.test.autoconfigure.web.client.MockRestServiceServerResetTestExecutionListener@4fd38ac4, org.springframework.boot.test.autoconfigure.web.servlet.MockMvcPrintOnlyOnFailureTestExecutionListener@bbdc43e, org.springframework.boot.test.autoconfigure.web.servlet.WebDriverTestExecutionListener@51c0df5f, org.springframework.boot.test.autoconfigure.webservices.client.MockWebServiceServerTestExecutionListener@72c6b873, org.springframework.boot.test.mock.mockito.ResetMocksTestExecutionListener@21108945]
]]></system-out>
  <system-err><![CDATA[]]></system-err>
</testsuite>
