<?xml version="1.0" encoding="UTF-8"?>
<testsuite name="UserApp.Performances.UserPerformanceTest" tests="2" skipped="0" failures="0" errors="0" timestamp="2021-10-06T13:03:43" hostname="DESKTOP-SM1SJ1J" time="4.169">
  <properties/>
  <testcase name="highVolumeTrackLocation()" classname="UserApp.Performances.UserPerformanceTest" time="1.833"/>
  <testcase name="highVolumeGetRewards()" classname="UserApp.Performances.UserPerformanceTest" time="2.334"/>
  <system-out><![CDATA[15:03:38.300 [Test worker] DEBUG org.springframework.test.context.BootstrapUtils - Instantiating CacheAwareContextLoaderDelegate from class [org.springframework.test.context.cache.DefaultCacheAwareContextLoaderDelegate]
15:03:38.323 [Test worker] DEBUG org.springframework.test.context.BootstrapUtils - Instantiating BootstrapContext using constructor [public org.springframework.test.context.support.DefaultBootstrapContext(java.lang.Class,org.springframework.test.context.CacheAwareContextLoaderDelegate)]
15:03:38.369 [Test worker] DEBUG org.springframework.test.context.BootstrapUtils - Instantiating TestContextBootstrapper for test class [UserApp.Performances.UserPerformanceTest] from class [org.springframework.boot.test.context.SpringBootTestContextBootstrapper]
15:03:38.395 [Test worker] INFO org.springframework.boot.test.context.SpringBootTestContextBootstrapper - Neither @ContextConfiguration nor @ContextHierarchy found for test class [UserApp.Performances.UserPerformanceTest], using SpringBootContextLoader
15:03:38.403 [Test worker] DEBUG org.springframework.test.context.support.AbstractContextLoader - Did not detect default resource location for test class [UserApp.Performances.UserPerformanceTest]: class path resource [UserApp/Performances/UserPerformanceTest-context.xml] does not exist
15:03:38.404 [Test worker] DEBUG org.springframework.test.context.support.AbstractContextLoader - Did not detect default resource location for test class [UserApp.Performances.UserPerformanceTest]: class path resource [UserApp/Performances/UserPerformanceTestContext.groovy] does not exist
15:03:38.404 [Test worker] INFO org.springframework.test.context.support.AbstractContextLoader - Could not detect default resource locations for test class [UserApp.Performances.UserPerformanceTest]: no resource found for suffixes {-context.xml, Context.groovy}.
15:03:38.405 [Test worker] INFO org.springframework.test.context.support.AnnotationConfigContextLoaderUtils - Could not detect default configuration classes for test class [UserApp.Performances.UserPerformanceTest]: UserPerformanceTest does not declare any static, non-private, non-final, nested classes annotated with @Configuration.
15:03:38.476 [Test worker] DEBUG org.springframework.test.context.support.ActiveProfilesUtils - Could not find an 'annotation declaring class' for annotation type [org.springframework.test.context.ActiveProfiles] and class [UserApp.Performances.UserPerformanceTest]
15:03:38.583 [Test worker] DEBUG org.springframework.context.annotation.ClassPathScanningCandidateComponentProvider - Identified candidate component class: file [C:\Users\FamilleOSSELIN\Desktop\Projet8Finale\Users\build\classes\java\main\UserApp\Application.class]
15:03:38.588 [Test worker] INFO org.springframework.boot.test.context.SpringBootTestContextBootstrapper - Found @SpringBootConfiguration UserApp.Application for test class UserApp.Performances.UserPerformanceTest
15:03:38.746 [Test worker] DEBUG org.springframework.boot.test.context.SpringBootTestContextBootstrapper - @TestExecutionListeners is not present for class [UserApp.Performances.UserPerformanceTest]: using defaults.
15:03:38.747 [Test worker] INFO org.springframework.boot.test.context.SpringBootTestContextBootstrapper - Loaded default TestExecutionListener class names from location [META-INF/spring.factories]: [org.springframework.boot.test.autoconfigure.restdocs.RestDocsTestExecutionListener, org.springframework.boot.test.autoconfigure.web.client.MockRestServiceServerResetTestExecutionListener, org.springframework.boot.test.autoconfigure.web.servlet.MockMvcPrintOnlyOnFailureTestExecutionListener, org.springframework.boot.test.autoconfigure.web.servlet.WebDriverTestExecutionListener, org.springframework.boot.test.autoconfigure.webservices.client.MockWebServiceServerTestExecutionListener, org.springframework.boot.test.mock.mockito.MockitoTestExecutionListener, org.springframework.boot.test.mock.mockito.ResetMocksTestExecutionListener, org.springframework.test.context.web.ServletTestExecutionListener, org.springframework.test.context.support.DirtiesContextBeforeModesTestExecutionListener, org.springframework.test.context.support.DependencyInjectionTestExecutionListener, org.springframework.test.context.support.DirtiesContextTestExecutionListener, org.springframework.test.context.transaction.TransactionalTestExecutionListener, org.springframework.test.context.jdbc.SqlScriptsTestExecutionListener, org.springframework.test.context.event.EventPublishingTestExecutionListener]
15:03:38.768 [Test worker] DEBUG org.springframework.boot.test.context.SpringBootTestContextBootstrapper - Skipping candidate TestExecutionListener [org.springframework.test.context.transaction.TransactionalTestExecutionListener] due to a missing dependency. Specify custom listener classes or make the default listener classes and their required dependencies available. Offending class: [org/springframework/transaction/interceptor/TransactionAttributeSource]
15:03:38.769 [Test worker] DEBUG org.springframework.boot.test.context.SpringBootTestContextBootstrapper - Skipping candidate TestExecutionListener [org.springframework.test.context.jdbc.SqlScriptsTestExecutionListener] due to a missing dependency. Specify custom listener classes or make the default listener classes and their required dependencies available. Offending class: [org/springframework/transaction/interceptor/TransactionAttribute]
15:03:38.769 [Test worker] INFO org.springframework.boot.test.context.SpringBootTestContextBootstrapper - Using TestExecutionListeners: [org.springframework.test.context.web.ServletTestExecutionListener@5a177ec, org.springframework.test.context.support.DirtiesContextBeforeModesTestExecutionListener@4eb18cc2, org.springframework.boot.test.mock.mockito.MockitoTestExecutionListener@6d4d92bc, org.springframework.boot.test.autoconfigure.SpringBootDependencyInjectionTestExecutionListener@7a837965, org.springframework.test.context.support.DirtiesContextTestExecutionListener@74136fce, org.springframework.test.context.event.EventPublishingTestExecutionListener@36862a12, org.springframework.boot.test.autoconfigure.restdocs.RestDocsTestExecutionListener@37df860c, org.springframework.boot.test.autoconfigure.web.client.MockRestServiceServerResetTestExecutionListener@567689c3, org.springframework.boot.test.autoconfigure.web.servlet.MockMvcPrintOnlyOnFailureTestExecutionListener@39f4f1dc, org.springframework.boot.test.autoconfigure.web.servlet.WebDriverTestExecutionListener@3e258a4a, org.springframework.boot.test.autoconfigure.webservices.client.MockWebServiceServerTestExecutionListener@75819464, org.springframework.boot.test.mock.mockito.ResetMocksTestExecutionListener@175b2386]
15:03:38.774 [Test worker] DEBUG org.springframework.test.context.support.AbstractDirtiesContextTestExecutionListener - Before test class: context [DefaultTestContext@7ad4e8c2 testClass = UserPerformanceTest, testInstance = [null], testMethod = [null], testException = [null], mergedContextConfiguration = [WebMergedContextConfiguration@19795df3 testClass = UserPerformanceTest, locations = '{}', classes = '{class UserApp.Application}', contextInitializerClasses = '[]', activeProfiles = '{}', propertySourceLocations = '{}', propertySourceProperties = '{org.springframework.boot.test.context.SpringBootTestContextBootstrapper=true}', contextCustomizers = set[org.springframework.boot.test.autoconfigure.properties.PropertyMappingContextCustomizer@0, org.springframework.boot.test.autoconfigure.web.servlet.WebDriverContextCustomizerFactory$Customizer@3adcdd1, org.springframework.boot.test.context.filter.ExcludeFilterContextCustomizer@451d211, org.springframework.boot.test.json.DuplicateJsonObjectContextCustomizerFactory$DuplicateJsonObjectContextCustomizer@37c24d8d, org.springframework.boot.test.mock.mockito.MockitoContextCustomizer@0, org.springframework.boot.test.web.client.TestRestTemplateContextCustomizer@183c16eb, org.springframework.boot.test.context.SpringBootTestArgs@1, org.springframework.boot.test.context.SpringBootTestWebEnvironment@6e37e3db], resourceBasePath = 'src/main/webapp', contextLoader = 'org.springframework.boot.test.context.SpringBootContextLoader', parent = [null]], attributes = map['org.springframework.test.context.web.ServletTestExecutionListener.activateListener' -> true]], class annotated with @DirtiesContext [false] with mode [null].
15:03:38.820 [Test worker] DEBUG org.springframework.test.context.support.TestPropertySourceUtils - Adding inlined properties to environment: {spring.jmx.enabled=false, org.springframework.boot.test.context.SpringBootTestContextBootstrapper=true}

  .   ____          _            __ _ _
 /\\ / ___'_ __ _ _(_)_ __  __ _ \ \ \ \
( ( )\___ | '_ | '_| | '_ \/ _` | \ \ \ \
 \\/  ___)| |_)| | | | | || (_| |  ) ) ) )
  '  |____| .__|_| |_|_| |_\__, | / / / /
 =========|_|==============|___/=/_/_/_/
 :: Spring Boot ::        (v2.3.8.RELEASE)

2021-10-06 15:03:40.077  INFO 13924 --- [    Test worker] U.Performances.UserPerformanceTest       : No active profile set, falling back to default profiles: default
2021-10-06 15:03:41.103  INFO 13924 --- [    Test worker] o.s.cloud.context.scope.GenericScope     : BeanFactory id=ec3326c6-fc97-3a18-9d75-9bd36a869e96
2021-10-06 15:03:42.399  WARN 13924 --- [    Test worker] c.n.c.sources.URLConfigurationSource     : No URLs will be polled as dynamic configuration sources.
2021-10-06 15:03:42.399  INFO 13924 --- [    Test worker] c.n.c.sources.URLConfigurationSource     : To enable URLs as dynamic configuration sources, define System property archaius.configurationSource.additionalUrls or make config.properties available on classpath.
2021-10-06 15:03:42.407  WARN 13924 --- [    Test worker] c.n.c.sources.URLConfigurationSource     : No URLs will be polled as dynamic configuration sources.
2021-10-06 15:03:42.407  INFO 13924 --- [    Test worker] c.n.c.sources.URLConfigurationSource     : To enable URLs as dynamic configuration sources, define System property archaius.configurationSource.additionalUrls or make config.properties available on classpath.
2021-10-06 15:03:42.518  INFO 13924 --- [    Test worker] o.s.s.concurrent.ThreadPoolTaskExecutor  : Initializing ExecutorService 'applicationTaskExecutor'
2021-10-06 15:03:43.519  INFO 13924 --- [    Test worker] U.Performances.UserPerformanceTest       : Started UserPerformanceTest in 4.68 seconds (JVM running for 6.628)
2021-10-06 15:03:44.938  INFO 13924 --- [    Test worker] o.j.m.DefaultMonetaryContextFactory      : Using custom MathContext: precision=256, roundingMode=HALF_EVEN
1000 highVolumeTrackLocation I don't wish them evil 
highVolumeTrackLocation result size 1000
||||highVolumeTrackLocation: Time Elapsed: 0 seconds.
Size of result from Rewards central : 1000
highVolumeGetRewards: Time Elapsed: 1 seconds.
]]></system-out>
  <system-err><![CDATA[]]></system-err>
</testsuite>
